This file contains any messages produced by compilers while
running configure, to aid debugging if configure makes a mistake.

It was created by libmicrohttpd configure 0.4.5, which was
generated by GNU Autoconf 2.64.  Invocation command line was

  $ ./configure --no-create --no-recursion

## --------- ##
## Platform. ##
## --------- ##

hostname = matthew-netbook
uname -m = i686
uname -r = 2.6.31-20-generic
uname -s = Linux
uname -v = #57-Ubuntu SMP Mon Feb 8 09:05:19 UTC 2010

/usr/bin/uname -p = unknown
/bin/uname -X     = unknown

/bin/arch              = unknown
/usr/bin/arch -k       = unknown
/usr/convex/getsysinfo = unknown
/usr/bin/hostinfo      = unknown
/bin/machine           = unknown
/usr/bin/oslevel       = unknown
/bin/universe          = unknown

PATH: /home/matthew/bin
PATH: /usr/local/sbin
PATH: /usr/local/bin
PATH: /usr/sbin
PATH: /usr/bin
PATH: /sbin
PATH: /bin
PATH: /usr/games


## ----------- ##
## Core tests. ##
## ----------- ##

configure:2437: checking for a BSD-compatible install
configure:2505: result: /usr/bin/install -c
configure:2516: checking whether build environment is sane
configure:2566: result: yes
configure:2707: checking for a thread-safe mkdir -p
configure:2746: result: /bin/mkdir -p
configure:2759: checking for gawk
configure:2789: result: no
configure:2759: checking for mawk
configure:2775: found /usr/bin/mawk
configure:2786: result: mawk
configure:2797: checking whether make sets $(MAKE)
configure:2819: result: yes
configure:2936: checking for gawk
configure:2963: result: mawk
configure:2975: checking whether ln -s works
configure:2979: result: yes
configure:2986: checking whether make sets $(MAKE)
configure:3008: result: yes
configure:3021: checking build system type
configure:3035: result: i686-pc-linux-gnu
configure:3055: checking host system type
configure:3068: result: i686-pc-linux-gnu
configure:3100: checking for style of include used by make
configure:3128: result: GNU
configure:3198: checking for gcc
configure:3214: found /usr/bin/gcc
configure:3225: result: gcc
configure:3454: checking for C compiler version
configure:3463: gcc --version >&5
gcc (Ubuntu 4.4.1-4ubuntu9) 4.4.1
Copyright (C) 2009 Free Software Foundation, Inc.
This is free software; see the source for copying conditions.  There is NO
warranty; not even for MERCHANTABILITY or FITNESS FOR A PARTICULAR PURPOSE.

configure:3474: $? = 0
configure:3463: gcc -v >&5
Using built-in specs.
Target: i486-linux-gnu
Configured with: ../src/configure -v --with-pkgversion='Ubuntu 4.4.1-4ubuntu9' --with-bugurl=file:///usr/share/doc/gcc-4.4/README.Bugs --enable-languages=c,c++,fortran,objc,obj-c++ --prefix=/usr --enable-shared --enable-multiarch --enable-linker-build-id --with-system-zlib --libexecdir=/usr/lib --without-included-gettext --enable-threads=posix --with-gxx-include-dir=/usr/include/c++/4.4 --program-suffix=-4.4 --enable-nls --enable-clocale=gnu --enable-libstdcxx-debug --enable-objc-gc --enable-targets=all --disable-werror --with-arch-32=i486 --with-tune=generic --enable-checking=release --build=i486-linux-gnu --host=i486-linux-gnu --target=i486-linux-gnu
Thread model: posix
gcc version 4.4.1 (Ubuntu 4.4.1-4ubuntu9) 
configure:3474: $? = 0
configure:3463: gcc -V >&5
gcc: '-V' option must have argument
configure:3474: $? = 1
configure:3463: gcc -qversion >&5
gcc: unrecognized option '-qversion'
gcc: no input files
configure:3474: $? = 1
configure:3496: checking for C compiler default output file name
configure:3518: gcc    conftest.c  >&5
configure:3522: $? = 0
configure:3559: result: a.out
configure:3575: checking whether the C compiler works
configure:3584: ./a.out
configure:3588: $? = 0
configure:3603: result: yes
configure:3610: checking whether we are cross compiling
configure:3612: result: no
configure:3615: checking for suffix of executables
configure:3622: gcc -o conftest    conftest.c  >&5
configure:3626: $? = 0
configure:3648: result: 
configure:3654: checking for suffix of object files
configure:3676: gcc -c   conftest.c >&5
configure:3680: $? = 0
configure:3701: result: o
configure:3705: checking whether we are using the GNU C compiler
configure:3724: gcc -c   conftest.c >&5
configure:3724: $? = 0
configure:3733: result: yes
configure:3742: checking whether gcc accepts -g
configure:3762: gcc -c -g  conftest.c >&5
configure:3762: $? = 0
configure:3803: result: yes
configure:3820: checking for gcc option to accept ISO C89
configure:3884: gcc  -c -g -O2  conftest.c >&5
configure:3884: $? = 0
configure:3897: result: none needed
configure:3919: checking dependency style of gcc
configure:4029: result: gcc3
configure:4045: checking whether gcc and cc understand -c and -o together
configure:4076: gcc -c conftest.c -o conftest2.o >&5
configure:4080: $? = 0
configure:4086: gcc -c conftest.c -o conftest2.o >&5
configure:4090: $? = 0
configure:4101: cc -c conftest.c >&5
configure:4105: $? = 0
configure:4113: cc -c conftest.c -o conftest2.o >&5
configure:4117: $? = 0
configure:4123: cc -c conftest.c -o conftest2.o >&5
configure:4127: $? = 0
configure:4145: result: yes
configure:4498: checking for a sed that does not truncate output
configure:4562: result: /bin/sed
configure:4580: checking for grep that handles long lines and -e
configure:4638: result: /bin/grep
configure:4643: checking for egrep
configure:4705: result: /bin/grep -E
configure:4710: checking for fgrep
configure:4772: result: /bin/grep -F
configure:4807: checking for ld used by gcc
configure:4874: result: /usr/bin/ld
configure:4881: checking if the linker (/usr/bin/ld) is GNU ld
configure:4896: result: yes
configure:4908: checking for BSD- or MS-compatible name lister (nm)
configure:4957: result: /usr/bin/nm -B
configure:5075: checking the name lister (/usr/bin/nm -B) interface
configure:5082: gcc -c -g -O2  conftest.c >&5
configure:5085: /usr/bin/nm -B "conftest.o"
configure:5088: output
00000000 B some_variable
configure:5095: result: BSD nm
configure:5099: checking the maximum length of command line arguments
configure:5219: result: 805306365
configure:5236: checking whether the shell understands some XSI constructs
configure:5246: result: yes
configure:5250: checking whether the shell understands "+="
configure:5256: result: yes
configure:5291: checking for /usr/bin/ld option to reload object files
configure:5298: result: -r
configure:5367: checking for objdump
configure:5394: result: objdump
configure:5423: checking how to recognize dependent libraries
configure:5619: result: pass_all
configure:5679: checking for ar
configure:5695: found /usr/bin/ar
configure:5706: result: ar
configure:5784: checking for strip
configure:5800: found /usr/bin/strip
configure:5811: result: strip
configure:5883: checking for ranlib
configure:5899: found /usr/bin/ranlib
configure:5910: result: ranlib
configure:6000: checking command to parse /usr/bin/nm -B output from gcc object
configure:6118: gcc -c -g -O2  conftest.c >&5
configure:6121: $? = 0
configure:6125: /usr/bin/nm -B conftest.o \| sed -n -e 's/^.*[	 ]\([ABCDGIRSTW][ABCDGIRSTW]*\)[	 ][	 ]*\([_A-Za-z][_A-Za-z0-9]*\)$/\1 \2 \2/p' \> conftest.nm
configure:6128: $? = 0
configure:6182: gcc -o conftest -g -O2   conftest.c conftstm.o >&5
configure:6185: $? = 0
configure:6223: result: ok
configure:7032: checking how to run the C preprocessor
configure:7063: gcc -E  conftest.c
configure:7063: $? = 0
configure:7077: gcc -E  conftest.c
conftest.c:11:28: error: ac_nonexistent.h: No such file or directory
configure:7077: $? = 1
configure: failed program was:
| /* confdefs.h */
| #define PACKAGE_NAME "libmicrohttpd"
| #define PACKAGE_TARNAME "libmicrohttpd"
| #define PACKAGE_VERSION "0.4.5"
| #define PACKAGE_STRING "libmicrohttpd 0.4.5"
| #define PACKAGE_BUGREPORT "libmicrohttpd@gnu.org"
| #define PACKAGE_URL ""
| #define PACKAGE "libmicrohttpd"
| #define VERSION "0.4.5"
| /* end confdefs.h.  */
| #include <ac_nonexistent.h>
configure:7102: result: gcc -E
configure:7122: gcc -E  conftest.c
configure:7122: $? = 0
configure:7136: gcc -E  conftest.c
conftest.c:11:28: error: ac_nonexistent.h: No such file or directory
configure:7136: $? = 1
configure: failed program was:
| /* confdefs.h */
| #define PACKAGE_NAME "libmicrohttpd"
| #define PACKAGE_TARNAME "libmicrohttpd"
| #define PACKAGE_VERSION "0.4.5"
| #define PACKAGE_STRING "libmicrohttpd 0.4.5"
| #define PACKAGE_BUGREPORT "libmicrohttpd@gnu.org"
| #define PACKAGE_URL ""
| #define PACKAGE "libmicrohttpd"
| #define VERSION "0.4.5"
| /* end confdefs.h.  */
| #include <ac_nonexistent.h>
configure:7165: checking for ANSI C header files
configure:7185: gcc -c -g -O2  conftest.c >&5
configure:7185: $? = 0
configure:7258: gcc -o conftest -g -O2   conftest.c  >&5
configure:7258: $? = 0
configure:7258: ./conftest
configure:7258: $? = 0
configure:7269: result: yes
configure:7282: checking for sys/types.h
configure:7282: gcc -c -g -O2  conftest.c >&5
configure:7282: $? = 0
configure:7282: result: yes
configure:7282: checking for sys/stat.h
configure:7282: gcc -c -g -O2  conftest.c >&5
configure:7282: $? = 0
configure:7282: result: yes
configure:7282: checking for stdlib.h
configure:7282: gcc -c -g -O2  conftest.c >&5
configure:7282: $? = 0
configure:7282: result: yes
configure:7282: checking for string.h
configure:7282: gcc -c -g -O2  conftest.c >&5
configure:7282: $? = 0
configure:7282: result: yes
configure:7282: checking for memory.h
configure:7282: gcc -c -g -O2  conftest.c >&5
configure:7282: $? = 0
configure:7282: result: yes
configure:7282: checking for strings.h
configure:7282: gcc -c -g -O2  conftest.c >&5
configure:7282: $? = 0
configure:7282: result: yes
configure:7282: checking for inttypes.h
configure:7282: gcc -c -g -O2  conftest.c >&5
configure:7282: $? = 0
configure:7282: result: yes
configure:7282: checking for stdint.h
configure:7282: gcc -c -g -O2  conftest.c >&5
configure:7282: $? = 0
configure:7282: result: yes
configure:7282: checking for unistd.h
configure:7282: gcc -c -g -O2  conftest.c >&5
configure:7282: $? = 0
configure:7282: result: yes
configure:7297: checking for dlfcn.h
configure:7297: gcc -c -g -O2  conftest.c >&5
configure:7297: $? = 0
configure:7297: result: yes
configure:7479: checking for objdir
configure:7494: result: .libs
configure:7790: checking if gcc supports -fno-rtti -fno-exceptions
configure:7808: gcc -c -g -O2  -fno-rtti -fno-exceptions conftest.c >&5
cc1: warning: command line option "-fno-rtti" is valid for C++/ObjC++ but not for C
configure:7812: $? = 0
configure:7825: result: no
configure:7845: checking for gcc option to produce PIC
configure:8117: result: -fPIC -DPIC
configure:8129: checking if gcc PIC flag -fPIC -DPIC works
configure:8147: gcc -c -g -O2  -fPIC -DPIC -DPIC conftest.c >&5
configure:8151: $? = 0
configure:8164: result: yes
configure:8188: checking if gcc static flag -static works
configure:8216: result: yes
configure:8231: checking if gcc supports -c -o file.o
configure:8252: gcc -c -g -O2  -o out/conftest2.o conftest.c >&5
configure:8256: $? = 0
configure:8278: result: yes
configure:8286: checking if gcc supports -c -o file.o
configure:8333: result: yes
configure:8366: checking whether the gcc linker (/usr/bin/ld) supports shared libraries
configure:9356: result: yes
configure:9393: checking whether -lc should be explicitly linked in
configure:9398: gcc -c -g -O2  conftest.c >&5
configure:9401: $? = 0
configure:9416: gcc -shared conftest.o  -v -Wl,-soname -Wl,conftest -o conftest 2\>\&1 \| /bin/grep  -lc  \>/dev/null 2\>\&1
configure:9419: $? = 0
configure:9431: result: no
configure:9595: checking dynamic linker characteristics
configure:10028: gcc -o conftest -g -O2   -Wl,-rpath -Wl,/foo conftest.c  >&5
configure:10028: $? = 0
configure:10258: result: GNU/Linux ld.so
configure:10360: checking how to hardcode library paths into programs
configure:10385: result: immediate
configure:10905: checking whether stripping libraries is possible
configure:10910: result: yes
configure:10945: checking if libtool supports shared libraries
configure:10947: result: yes
configure:10950: checking whether to build shared libraries
configure:10971: result: yes
configure:10974: checking whether to build static libraries
configure:10978: result: yes
configure:11245: gcc -o conftest -fno-strict-aliasing -g -O2   conftest.c  >&5
/tmp/ccAhedTz.o: In function `main':
/home/matthew/www/robot_scout/libmicrohttpd/conftest.c:31: undefined reference to `pthread_create'
collect2: ld returned 1 exit status
configure:11245: $? = 1
configure: failed program was:
| /* confdefs.h */
| #define PACKAGE_NAME "libmicrohttpd"
| #define PACKAGE_TARNAME "libmicrohttpd"
| #define PACKAGE_VERSION "0.4.5"
| #define PACKAGE_STRING "libmicrohttpd 0.4.5"
| #define PACKAGE_BUGREPORT "libmicrohttpd@gnu.org"
| #define PACKAGE_URL ""
| #define PACKAGE "libmicrohttpd"
| #define VERSION "0.4.5"
| #define STDC_HEADERS 1
| #define HAVE_SYS_TYPES_H 1
| #define HAVE_SYS_STAT_H 1
| #define HAVE_STDLIB_H 1
| #define HAVE_STRING_H 1
| #define HAVE_MEMORY_H 1
| #define HAVE_STRINGS_H 1
| #define HAVE_INTTYPES_H 1
| #define HAVE_STDINT_H 1
| #define HAVE_UNISTD_H 1
| #define HAVE_DLFCN_H 1
| #define LT_OBJDIR ".libs/"
| #define LINUX 1
| /* end confdefs.h.  */
| 
| 			#include <pthread.h>
| 
| int
| main ()
| {
| 
| 			pthread_create(0,0,0,0);
| 
|   ;
|   return 0;
| }
configure:11256: checking for pthread_create in -lpthread
configure:11281: gcc -o conftest -fno-strict-aliasing -g -O2   conftest.c -lpthread   >&5
configure:11281: $? = 0
configure:11290: result: yes
configure:11423: checking fcntl.h usability
configure:11423: gcc -c -fno-strict-aliasing -g -O2  conftest.c >&5
configure:11423: $? = 0
configure:11423: result: yes
configure:11423: checking fcntl.h presence
configure:11423: gcc -E  conftest.c
configure:11423: $? = 0
configure:11423: result: yes
configure:11423: checking for fcntl.h
configure:11423: result: yes
configure:11423: checking math.h usability
configure:11423: gcc -c -fno-strict-aliasing -g -O2  conftest.c >&5
configure:11423: $? = 0
configure:11423: result: yes
configure:11423: checking math.h presence
configure:11423: gcc -E  conftest.c
configure:11423: $? = 0
configure:11423: result: yes
configure:11423: checking for math.h
configure:11423: result: yes
configure:11423: checking errno.h usability
configure:11423: gcc -c -fno-strict-aliasing -g -O2  conftest.c >&5
configure:11423: $? = 0
configure:11423: result: yes
configure:11423: checking errno.h presence
configure:11423: gcc -E  conftest.c
configure:11423: $? = 0
configure:11423: result: yes
configure:11423: checking for errno.h
configure:11423: result: yes
configure:11423: checking limits.h usability
configure:11423: gcc -c -fno-strict-aliasing -g -O2  conftest.c >&5
configure:11423: $? = 0
configure:11423: result: yes
configure:11423: checking limits.h presence
configure:11423: gcc -E  conftest.c
configure:11423: $? = 0
configure:11423: result: yes
configure:11423: checking for limits.h
configure:11423: result: yes
configure:11423: checking stdio.h usability
configure:11423: gcc -c -fno-strict-aliasing -g -O2  conftest.c >&5
configure:11423: $? = 0
configure:11423: result: yes
configure:11423: checking stdio.h presence
configure:11423: gcc -E  conftest.c
configure:11423: $? = 0
configure:11423: result: yes
configure:11423: checking for stdio.h
configure:11423: result: yes
configure:11423: checking locale.h usability
configure:11423: gcc -c -fno-strict-aliasing -g -O2  conftest.c >&5
configure:11423: $? = 0
configure:11423: result: yes
configure:11423: checking locale.h presence
configure:11423: gcc -E  conftest.c
configure:11423: $? = 0
configure:11423: result: yes
configure:11423: checking for locale.h
configure:11423: result: yes
configure:11423: checking for sys/stat.h
configure:11423: result: yes
configure:11423: checking for sys/types.h
configure:11423: result: yes
configure:11423: checking pthread.h usability
configure:11423: gcc -c -fno-strict-aliasing -g -O2  conftest.c >&5
configure:11423: $? = 0
configure:11423: result: yes
configure:11423: checking pthread.h presence
configure:11423: gcc -E  conftest.c
configure:11423: $? = 0
configure:11423: result: yes
configure:11423: checking for pthread.h
configure:11423: result: yes
configure:11441: checking for sys/types.h
configure:11441: result: yes
configure:11441: checking sys/time.h usability
configure:11441: gcc -c -fno-strict-aliasing -g -O2  conftest.c >&5
configure:11441: $? = 0
configure:11441: result: yes
configure:11441: checking sys/time.h presence
configure:11441: gcc -E  conftest.c
configure:11441: $? = 0
configure:11441: result: yes
configure:11441: checking for sys/time.h
configure:11441: result: yes
configure:11441: checking sys/msg.h usability
configure:11441: gcc -c -fno-strict-aliasing -g -O2  conftest.c >&5
configure:11441: $? = 0
configure:11441: result: yes
configure:11441: checking sys/msg.h presence
configure:11441: gcc -E  conftest.c
configure:11441: $? = 0
configure:11441: result: yes
configure:11441: checking for sys/msg.h
configure:11441: result: yes
configure:11441: checking netdb.h usability
configure:11441: gcc -c -fno-strict-aliasing -g -O2  conftest.c >&5
configure:11441: $? = 0
configure:11441: result: yes
configure:11441: checking netdb.h presence
configure:11441: gcc -E  conftest.c
configure:11441: $? = 0
configure:11441: result: yes
configure:11441: checking for netdb.h
configure:11441: result: yes
configure:11441: checking netinet/in.h usability
configure:11441: gcc -c -fno-strict-aliasing -g -O2  conftest.c >&5
configure:11441: $? = 0
configure:11441: result: yes
configure:11441: checking netinet/in.h presence
configure:11441: gcc -E  conftest.c
configure:11441: $? = 0
configure:11441: result: yes
configure:11441: checking for netinet/in.h
configure:11441: result: yes
configure:11441: checking netinet/tcp.h usability
configure:11441: gcc -c -fno-strict-aliasing -g -O2  conftest.c >&5
configure:11441: $? = 0
configure:11441: result: yes
configure:11441: checking netinet/tcp.h presence
configure:11441: gcc -E  conftest.c
configure:11441: $? = 0
configure:11441: result: yes
configure:11441: checking for netinet/tcp.h
configure:11441: result: yes
configure:11441: checking time.h usability
configure:11441: gcc -c -fno-strict-aliasing -g -O2  conftest.c >&5
configure:11441: $? = 0
configure:11441: result: yes
configure:11441: checking time.h presence
configure:11441: gcc -E  conftest.c
configure:11441: $? = 0
configure:11441: result: yes
configure:11441: checking for time.h
configure:11441: result: yes
configure:11441: checking sys/socket.h usability
configure:11441: gcc -c -fno-strict-aliasing -g -O2  conftest.c >&5
configure:11441: $? = 0
configure:11441: result: yes
configure:11441: checking sys/socket.h presence
configure:11441: gcc -E  conftest.c
configure:11441: $? = 0
configure:11441: result: yes
configure:11441: checking for sys/socket.h
configure:11441: result: yes
configure:11441: checking sys/mman.h usability
configure:11441: gcc -c -fno-strict-aliasing -g -O2  conftest.c >&5
configure:11441: $? = 0
configure:11441: result: yes
configure:11441: checking sys/mman.h presence
configure:11441: gcc -E  conftest.c
configure:11441: $? = 0
configure:11441: result: yes
configure:11441: checking for sys/mman.h
configure:11441: result: yes
configure:11441: checking arpa/inet.h usability
configure:11441: gcc -c -fno-strict-aliasing -g -O2  conftest.c >&5
configure:11441: $? = 0
configure:11441: result: yes
configure:11441: checking arpa/inet.h presence
configure:11441: gcc -E  conftest.c
configure:11441: $? = 0
configure:11441: result: yes
configure:11441: checking for arpa/inet.h
configure:11441: result: yes
configure:11441: checking sys/select.h usability
configure:11441: gcc -c -fno-strict-aliasing -g -O2  conftest.c >&5
configure:11441: $? = 0
configure:11441: result: yes
configure:11441: checking sys/select.h presence
configure:11441: gcc -E  conftest.c
configure:11441: $? = 0
configure:11441: result: yes
configure:11441: checking for sys/select.h
configure:11441: result: yes
configure:11441: checking poll.h usability
configure:11441: gcc -c -fno-strict-aliasing -g -O2  conftest.c >&5
configure:11441: $? = 0
configure:11441: result: yes
configure:11441: checking poll.h presence
configure:11441: gcc -E  conftest.c
configure:11441: $? = 0
configure:11441: result: yes
configure:11441: checking for poll.h
configure:11441: result: yes
configure:11455: checking for memmem
configure:11455: gcc -o conftest -fno-strict-aliasing -g -O2   conftest.c -lpthread  >&5
configure:11455: $? = 0
configure:11455: result: yes
configure:11466: checking for IPv6
configure:11492: gcc -c -fno-strict-aliasing -g -O2  conftest.c >&5
configure:11492: $? = 0
configure:11504: result: yes
configure:11508: checking whether TCP_CORK is declared
configure:11508: gcc -c -fno-strict-aliasing -g -O2  conftest.c >&5
configure:11508: $? = 0
configure:11508: result: yes
configure:11524: checking whether to use libcurl for testing
configure:11572: checking for gawk
configure:11599: result: mawk
configure:11661: checking for curl-config
configure:11679: found /usr/local/bin/curl-config
configure:11691: result: /usr/local/bin/curl-config
configure:11702: checking for the version of libcurl
configure:11709: result: 7.19.7
configure:11770: checking whether libcurl is usable
configure:11803: gcc -o conftest -fno-strict-aliasing -g -O2 -I/usr/local/include   conftest.c -L/usr/local/lib -lcurl -lrt -lpthread  >&5
configure:11803: $? = 0
configure:11817: result: yes
configure:11830: checking for curl_free
configure:11830: gcc -o conftest -fno-strict-aliasing -g -O2  -I/usr/local/include  conftest.c -lpthread  -L/usr/local/lib -lcurl -lrt >&5
configure:11830: $? = 0
configure:11830: result: yes
configure:11948: checking for special C compiler options needed for large files
configure:11993: result: no
configure:11999: checking for _FILE_OFFSET_BITS value needed for large files
configure:12024: gcc -c -fno-strict-aliasing -g -O2  conftest.c >&5
conftest.c:65: warning: left shift count >= width of type
conftest.c:65: warning: left shift count >= width of type
conftest.c:67: error: size of array 'off_t_is_large' is negative
configure:12024: $? = 1
configure: failed program was:
| /* confdefs.h */
| #define PACKAGE_NAME "libmicrohttpd"
| #define PACKAGE_TARNAME "libmicrohttpd"
| #define PACKAGE_VERSION "0.4.5"
| #define PACKAGE_STRING "libmicrohttpd 0.4.5"
| #define PACKAGE_BUGREPORT "libmicrohttpd@gnu.org"
| #define PACKAGE_URL ""
| #define PACKAGE "libmicrohttpd"
| #define VERSION "0.4.5"
| #define STDC_HEADERS 1
| #define HAVE_SYS_TYPES_H 1
| #define HAVE_SYS_STAT_H 1
| #define HAVE_STDLIB_H 1
| #define HAVE_STRING_H 1
| #define HAVE_MEMORY_H 1
| #define HAVE_STRINGS_H 1
| #define HAVE_INTTYPES_H 1
| #define HAVE_STDINT_H 1
| #define HAVE_UNISTD_H 1
| #define HAVE_DLFCN_H 1
| #define LT_OBJDIR ".libs/"
| #define LINUX 1
| #define HAVE_FCNTL_H 1
| #define HAVE_MATH_H 1
| #define HAVE_ERRNO_H 1
| #define HAVE_LIMITS_H 1
| #define HAVE_STDIO_H 1
| #define HAVE_LOCALE_H 1
| #define HAVE_SYS_STAT_H 1
| #define HAVE_SYS_TYPES_H 1
| #define HAVE_PTHREAD_H 1
| #define HAVE_SYS_TYPES_H 1
| #define HAVE_SYS_TIME_H 1
| #define HAVE_SYS_MSG_H 1
| #define HAVE_NETDB_H 1
| #define HAVE_NETINET_IN_H 1
| #define HAVE_NETINET_TCP_H 1
| #define HAVE_TIME_H 1
| #define HAVE_SYS_SOCKET_H 1
| #define HAVE_SYS_MMAN_H 1
| #define HAVE_ARPA_INET_H 1
| #define HAVE_SYS_SELECT_H 1
| #define HAVE_POLL_H 1
| #define HAVE_MEMMEM 1
| #define HAVE_INET6 1
| #define HAVE_DECL_TCP_CORK 1
| #define HAVE_LIBCURL 1
| #define LIBCURL_FEATURE_IPV6 1
| #define LIBCURL_PROTOCOL_HTTP 1
| #define LIBCURL_PROTOCOL_FTP 1
| #define LIBCURL_PROTOCOL_FILE 1
| #define LIBCURL_PROTOCOL_TELNET 1
| #define LIBCURL_PROTOCOL_DICT 1
| #define LIBCURL_PROTOCOL_TFTP 1
| #define MHD_REQ_CURL_VERSION "7.16.4"
| #define MHD_REQ_CURL_OPENSSL_VERSION "0.9.8"
| #define MHD_REQ_CURL_GNUTLS_VERSION "2.2.3"
| /* end confdefs.h.  */
| #include <sys/types.h>
|  /* Check that off_t can represent 2**63 - 1 correctly.
|     We can't simply define LARGE_OFF_T to be 9223372036854775807,
|     since some C++ compilers masquerading as C compilers
|     incorrectly reject 9223372036854775807.  */
| #define LARGE_OFF_T (((off_t) 1 << 62) - 1 + ((off_t) 1 << 62))
|   int off_t_is_large[(LARGE_OFF_T % 2147483629 == 721
| 		       && LARGE_OFF_T % 2147483647 == 1)
| 		      ? 1 : -1];
| int
| main ()
| {
| 
|   ;
|   return 0;
| }
configure:12048: gcc -c -fno-strict-aliasing -g -O2  conftest.c >&5
configure:12048: $? = 0
configure:12056: result: 64
configure:12139: checking for _LARGEFILE_SOURCE value needed for large files
configure:12158: gcc -o conftest -fno-strict-aliasing -g -O2   conftest.c -lpthread  >&5
configure:12158: $? = 0
configure:12186: result: no
configure:12209: checking whether to enable error messages
configure:12218: result: no
configure:12231: checking for zzuf
configure:12259: result: 0
configure:12269: checking for socat
configure:12297: result: 0
configure:12340: checking for libgcrypt-config
configure:12358: found /usr/bin/libgcrypt-config
configure:12371: result: /usr/bin/libgcrypt-config
configure:12388: checking for LIBGCRYPT - version >= 1.2.2
configure:12422: result: yes (1.4.4)
configure:12470: checking whether to enable HTTPS support
configure:12498: result: yes
configure:12512: checking whether -export-symbols-regex works
configure:12524: result: yes
configure:12528: checking whether to compile TLS client side code
configure:12537: result: no
configure:12789: creating ./config.status
configure:15066: Configuration Summary:
  Operating System:  linux-gnu
  Target directory:  /usr/local
  Messages:          no
  libgcrypt:         yes
  libcurl (testing): yes
  HTTPS support:     yes

configure:15081: HTTPS subsystem configuration:
  Client code dep.:  disabled. running some test cases won't be possible
  License         :  LGPL only
 

## ---------------- ##
## Cache variables. ##
## ---------------- ##

ac_cv_build=i686-pc-linux-gnu
ac_cv_c_compiler_gnu=yes
ac_cv_env_CC_set=
ac_cv_env_CC_value=
ac_cv_env_CFLAGS_set=
ac_cv_env_CFLAGS_value=
ac_cv_env_CPPFLAGS_set=
ac_cv_env_CPPFLAGS_value=
ac_cv_env_CPP_set=
ac_cv_env_CPP_value=
ac_cv_env_LDFLAGS_set=
ac_cv_env_LDFLAGS_value=
ac_cv_env_LIBS_set=
ac_cv_env_LIBS_value=
ac_cv_env_build_alias_set=
ac_cv_env_build_alias_value=
ac_cv_env_host_alias_set=
ac_cv_env_host_alias_value=
ac_cv_env_target_alias_set=
ac_cv_env_target_alias_value=
ac_cv_func_curl_free=yes
ac_cv_func_memmem=yes
ac_cv_have_decl_TCP_CORK=yes
ac_cv_header_arpa_inet_h=yes
ac_cv_header_dlfcn_h=yes
ac_cv_header_errno_h=yes
ac_cv_header_fcntl_h=yes
ac_cv_header_inttypes_h=yes
ac_cv_header_limits_h=yes
ac_cv_header_locale_h=yes
ac_cv_header_math_h=yes
ac_cv_header_memory_h=yes
ac_cv_header_netdb_h=yes
ac_cv_header_netinet_in_h=yes
ac_cv_header_netinet_tcp_h=yes
ac_cv_header_poll_h=yes
ac_cv_header_pthread_h=yes
ac_cv_header_stdc=yes
ac_cv_header_stdint_h=yes
ac_cv_header_stdio_h=yes
ac_cv_header_stdlib_h=yes
ac_cv_header_string_h=yes
ac_cv_header_strings_h=yes
ac_cv_header_sys_mman_h=yes
ac_cv_header_sys_msg_h=yes
ac_cv_header_sys_select_h=yes
ac_cv_header_sys_socket_h=yes
ac_cv_header_sys_stat_h=yes
ac_cv_header_sys_time_h=yes
ac_cv_header_sys_types_h=yes
ac_cv_header_time_h=yes
ac_cv_header_unistd_h=yes
ac_cv_host=i686-pc-linux-gnu
ac_cv_lib_pthread_pthread_create=yes
ac_cv_objext=o
ac_cv_path_EGREP='/bin/grep -E'
ac_cv_path_FGREP='/bin/grep -F'
ac_cv_path_GREP=/bin/grep
ac_cv_path_LIBGCRYPT_CONFIG=/usr/bin/libgcrypt-config
ac_cv_path_SED=/bin/sed
ac_cv_path__libcurl_config=/usr/local/bin/curl-config
ac_cv_path_install='/usr/bin/install -c'
ac_cv_path_mkdir=/bin/mkdir
ac_cv_prog_AWK=mawk
ac_cv_prog_CPP='gcc -E'
ac_cv_prog_HAVE_SOCAT=0
ac_cv_prog_HAVE_ZZUF=0
ac_cv_prog_ac_ct_AR=ar
ac_cv_prog_ac_ct_CC=gcc
ac_cv_prog_ac_ct_OBJDUMP=objdump
ac_cv_prog_ac_ct_RANLIB=ranlib
ac_cv_prog_ac_ct_STRIP=strip
ac_cv_prog_cc_c89=
ac_cv_prog_cc_g=yes
ac_cv_prog_cc_gcc_c_o=yes
ac_cv_prog_make_make_set=yes
ac_cv_sys_file_offset_bits=64
ac_cv_sys_largefile_CC=no
ac_cv_sys_largefile_source=no
am_cv_CC_dependencies_compiler_type=gcc3
gn_cv_export_symbols_regex_works=yes
libcurl_cv_lib_curl_usable=yes
libcurl_cv_lib_curl_version=7.19.7
lt_cv_deplibs_check_method=pass_all
lt_cv_file_magic_cmd='$MAGIC_CMD'
lt_cv_file_magic_test_file=
lt_cv_ld_reload_flag=-r
lt_cv_nm_interface='BSD nm'
lt_cv_objdir=.libs
lt_cv_path_LD=/usr/bin/ld
lt_cv_path_NM='/usr/bin/nm -B'
lt_cv_prog_compiler_c_o=yes
lt_cv_prog_compiler_pic_works=yes
lt_cv_prog_compiler_rtti_exceptions=no
lt_cv_prog_compiler_static_works=yes
lt_cv_prog_gnu_ld=yes
lt_cv_sys_global_symbol_pipe='sed -n -e '\''s/^.*[	 ]\([ABCDGIRSTW][ABCDGIRSTW]*\)[	 ][	 ]*\([_A-Za-z][_A-Za-z0-9]*\)$/\1 \2 \2/p'\'''
lt_cv_sys_global_symbol_to_c_name_address='sed -n -e '\''s/^: \([^ ]*\) $/  {\"\1\", (void *) 0},/p'\'' -e '\''s/^[ABCDGIRSTW]* \([^ ]*\) \([^ ]*\)$/  {"\2", (void *) \&\2},/p'\'''
lt_cv_sys_global_symbol_to_c_name_address_lib_prefix='sed -n -e '\''s/^: \([^ ]*\) $/  {\"\1\", (void *) 0},/p'\'' -e '\''s/^[ABCDGIRSTW]* \([^ ]*\) \(lib[^ ]*\)$/  {"\2", (void *) \&\2},/p'\'' -e '\''s/^[ABCDGIRSTW]* \([^ ]*\) \([^ ]*\)$/  {"lib\2", (void *) \&\2},/p'\'''
lt_cv_sys_global_symbol_to_cdecl='sed -n -e '\''s/^T .* \(.*\)$/extern int \1();/p'\'' -e '\''s/^[ABCDGIRSTW]* .* \(.*\)$/extern char \1;/p'\'''
lt_cv_sys_max_cmd_len=805306365

## ----------------- ##
## Output variables. ##
## ----------------- ##

ACLOCAL='${SHELL} /home/matthew/www/robot_scout/libmicrohttpd/missing --run aclocal-1.11'
AMDEPBACKSLASH='\'
AMDEP_FALSE='#'
AMDEP_TRUE=''
AMTAR='${SHELL} /home/matthew/www/robot_scout/libmicrohttpd/missing --run tar'
AR='ar'
AS='as'
AUTOCONF='${SHELL} /home/matthew/www/robot_scout/libmicrohttpd/missing --run autoconf'
AUTOHEADER='${SHELL} /home/matthew/www/robot_scout/libmicrohttpd/missing --run autoheader'
AUTOMAKE='${SHELL} /home/matthew/www/robot_scout/libmicrohttpd/missing --run automake-1.11'
AWK='mawk'
CC='gcc'
CCDEPMODE='depmode=gcc3'
CFLAGS='-fno-strict-aliasing -g -O2'
CPP='gcc -E'
CPPFLAGS=''
CYGPATH_W='echo'
DEFS='-DHAVE_CONFIG_H'
DEPDIR='.deps'
DLLTOOL='dlltool'
DSYMUTIL=''
DUMPBIN=''
ECHO_C=''
ECHO_N='-n'
ECHO_T=''
EGREP='/bin/grep -E'
ENABLE_HTTPS_FALSE='#'
ENABLE_HTTPS_TRUE=''
ENABLE_MINITASN1_FALSE='#'
ENABLE_MINITASN1_TRUE=''
ENABLE_OPENSSL_FALSE=''
ENABLE_OPENSSL_TRUE='#'
EXEEXT=''
EXT_LIBS=''
EXT_LIB_PATH=''
FGREP='/bin/grep -F'
GREP='/bin/grep'
HAVE_CURL_FALSE='#'
HAVE_CURL_TRUE=''
HAVE_GNU_LD_FALSE='#'
HAVE_GNU_LD_TRUE=''
HAVE_LD_OUTPUT_DEF_FALSE=''
HAVE_LD_OUTPUT_DEF_TRUE='#'
HAVE_LD_VERSION_SCRIPT_FALSE=''
HAVE_LD_VERSION_SCRIPT_TRUE='#'
HAVE_SOCAT='0'
HAVE_SOCAT_FALSE=''
HAVE_SOCAT_TRUE='#'
HAVE_ZZUF='0'
HAVE_ZZUF_FALSE=''
HAVE_ZZUF_TRUE='#'
INSTALL_DATA='${INSTALL} -m 644'
INSTALL_PROGRAM='${INSTALL}'
INSTALL_SCRIPT='${INSTALL}'
INSTALL_STRIP_PROGRAM='$(install_sh) -c -s'
LD='/usr/bin/ld'
LDFLAGS=''
LIBCURL='-L/usr/local/lib -lcurl -lrt'
LIBCURL_CPPFLAGS='-I/usr/local/include'
LIBGCRYPT_CFLAGS=''
LIBGCRYPT_CONFIG='/usr/bin/libgcrypt-config'
LIBGCRYPT_LIBS='-lgcrypt'
LIBOBJS=''
LIBS='-lpthread '
LIBTOOL='$(SHELL) $(top_builddir)/libtool'
LIB_VERSION_AGE='2'
LIB_VERSION_CURRENT='7'
LIB_VERSION_REVISION='0'
LIPO=''
LN_S='ln -s'
LTLIBOBJS=''
MAKEINFO='${SHELL} /home/matthew/www/robot_scout/libmicrohttpd/missing --run makeinfo'
MHD_DEBUG_TLS_FALSE=''
MHD_DEBUG_TLS_TRUE='#'
MHD_LIBDEPS='-lgcrypt'
MHD_LIB_LDFLAGS='-export-dynamic -no-undefined -export-symbols $(srcdir)/EXPORT.sym'
MKDIR_P='/bin/mkdir -p'
NM='/usr/bin/nm -B'
NMEDIT=''
OBJDUMP='objdump'
OBJEXT='o'
OTOOL64=''
OTOOL=''
PACKAGE='libmicrohttpd'
PACKAGE_BUGREPORT='libmicrohttpd@gnu.org'
PACKAGE_NAME='libmicrohttpd'
PACKAGE_STRING='libmicrohttpd 0.4.5'
PACKAGE_TARNAME='libmicrohttpd'
PACKAGE_URL=''
PACKAGE_VERSION='0.4.5'
PATH_SEPARATOR=':'
PTHREAD_CPPFLAGS=''
PTHREAD_LDFLAGS=''
PTHREAD_LIBS='-lpthread'
RANLIB='ranlib'
SED='/bin/sed'
SET_MAKE=''
SHELL='/bin/bash'
STRIP='strip'
USE_COVERAGE_FALSE=''
USE_COVERAGE_TRUE='#'
VERSION='0.4.5'
_libcurl_config=''
ac_ct_CC='gcc'
ac_ct_DUMPBIN=''
am__EXEEXT_FALSE=''
am__EXEEXT_TRUE='#'
am__fastdepCC_FALSE='#'
am__fastdepCC_TRUE=''
am__include='include'
am__isrc=''
am__leading_dot='.'
am__quote=''
am__tar='${AMTAR} chof - "$$tardir"'
am__untar='${AMTAR} xf -'
bindir='${exec_prefix}/bin'
build='i686-pc-linux-gnu'
build_alias=''
build_cpu='i686'
build_os='linux-gnu'
build_vendor='pc'
datadir='${datarootdir}'
datarootdir='${prefix}/share'
docdir='${datarootdir}/doc/${PACKAGE_TARNAME}'
dvidir='${docdir}'
exec_prefix='${prefix}'
host='i686-pc-linux-gnu'
host_alias=''
host_cpu='i686'
host_os='linux-gnu'
host_vendor='pc'
htmldir='${docdir}'
includedir='${prefix}/include'
infodir='${datarootdir}/info'
install_sh='${SHELL} /home/matthew/www/robot_scout/libmicrohttpd/install-sh'
libdir='${exec_prefix}/lib'
libexecdir='${exec_prefix}/libexec'
localedir='${datarootdir}/locale'
localstatedir='${prefix}/var'
lt_ECHO='echo'
mandir='${datarootdir}/man'
mkdir_p='/bin/mkdir -p'
oldincludedir='/usr/include'
pdfdir='${docdir}'
prefix='/usr/local'
program_transform_name='s,x,x,'
psdir='${docdir}'
sbindir='${exec_prefix}/sbin'
sharedstatedir='${prefix}/com'
sysconfdir='${prefix}/etc'
target_alias=''

## ----------- ##
## confdefs.h. ##
## ----------- ##

/* confdefs.h */
#define PACKAGE_NAME "libmicrohttpd"
#define PACKAGE_TARNAME "libmicrohttpd"
#define PACKAGE_VERSION "0.4.5"
#define PACKAGE_STRING "libmicrohttpd 0.4.5"
#define PACKAGE_BUGREPORT "libmicrohttpd@gnu.org"
#define PACKAGE_URL ""
#define PACKAGE "libmicrohttpd"
#define VERSION "0.4.5"
#define STDC_HEADERS 1
#define HAVE_SYS_TYPES_H 1
#define HAVE_SYS_STAT_H 1
#define HAVE_STDLIB_H 1
#define HAVE_STRING_H 1
#define HAVE_MEMORY_H 1
#define HAVE_STRINGS_H 1
#define HAVE_INTTYPES_H 1
#define HAVE_STDINT_H 1
#define HAVE_UNISTD_H 1
#define HAVE_DLFCN_H 1
#define LT_OBJDIR ".libs/"
#define LINUX 1
#define HAVE_FCNTL_H 1
#define HAVE_MATH_H 1
#define HAVE_ERRNO_H 1
#define HAVE_LIMITS_H 1
#define HAVE_STDIO_H 1
#define HAVE_LOCALE_H 1
#define HAVE_SYS_STAT_H 1
#define HAVE_SYS_TYPES_H 1
#define HAVE_PTHREAD_H 1
#define HAVE_SYS_TYPES_H 1
#define HAVE_SYS_TIME_H 1
#define HAVE_SYS_MSG_H 1
#define HAVE_NETDB_H 1
#define HAVE_NETINET_IN_H 1
#define HAVE_NETINET_TCP_H 1
#define HAVE_TIME_H 1
#define HAVE_SYS_SOCKET_H 1
#define HAVE_SYS_MMAN_H 1
#define HAVE_ARPA_INET_H 1
#define HAVE_SYS_SELECT_H 1
#define HAVE_POLL_H 1
#define HAVE_MEMMEM 1
#define HAVE_INET6 1
#define HAVE_DECL_TCP_CORK 1
#define HAVE_LIBCURL 1
#define LIBCURL_FEATURE_IPV6 1
#define LIBCURL_PROTOCOL_HTTP 1
#define LIBCURL_PROTOCOL_FTP 1
#define LIBCURL_PROTOCOL_FILE 1
#define LIBCURL_PROTOCOL_TELNET 1
#define LIBCURL_PROTOCOL_DICT 1
#define LIBCURL_PROTOCOL_TFTP 1
#define MHD_REQ_CURL_VERSION "7.16.4"
#define MHD_REQ_CURL_OPENSSL_VERSION "0.9.8"
#define MHD_REQ_CURL_GNUTLS_VERSION "2.2.3"
#define _FILE_OFFSET_BITS 64
#define HAVE_FSEEKO 1
#define MHD_GCRYPT_VERSION "1:1.2.2"
#define HTTPS_SUPPORT 1
#define MHD_DEBUG_TLS 0
#define GNULIB_GC_RANDOM 1

configure: exit 0

## ---------------------- ##
## Running config.status. ##
## ---------------------- ##

This file was extended by libmicrohttpd config.status 0.4.5, which was
generated by GNU Autoconf 2.64.  Invocation command line was

  CONFIG_FILES    = 
  CONFIG_HEADERS  = 
  CONFIG_LINKS    = 
  CONFIG_COMMANDS = 
  $ ./config.status 

on matthew-netbook

config.status:1160: creating libmicrohttpd.pc
config.status:1160: creating Makefile
config.status:1160: creating contrib/Makefile
config.status:1160: creating doc/Makefile
config.status:1160: creating m4/Makefile
config.status:1160: creating src/Makefile
config.status:1160: creating src/include/Makefile
config.status:1160: creating src/daemon/Makefile
config.status:1160: creating src/daemon/https/Makefile
config.status:1160: creating src/daemon/https/tls/Makefile
config.status:1160: creating src/daemon/https/x509/Makefile
config.status:1160: creating src/daemon/https/lgl/Makefile
config.status:1160: creating src/daemon/https/minitasn1/Makefile
config.status:1160: creating src/examples/Makefile
config.status:1160: creating src/testcurl/Makefile
config.status:1160: creating src/testcurl/https/Makefile
config.status:1160: creating src/testzzuf/Makefile
config.status:1160: creating MHD_config.h
config.status:1332: MHD_config.h is unchanged
config.status:1380: executing depfiles commands
config.status:1380: executing libtool commands

## ---------------------- ##
## Running config.status. ##
## ---------------------- ##

This file was extended by libmicrohttpd config.status 0.4.5, which was
generated by GNU Autoconf 2.64.  Invocation command line was

  CONFIG_FILES    = 
  CONFIG_HEADERS  = 
  CONFIG_LINKS    = 
  CONFIG_COMMANDS = 
  $ ./config.status MHD_config.h

on matthew-netbook

config.status:1160: creating MHD_config.h
config.status:1332: MHD_config.h is unchanged
